[debug] [2023-08-09T16:49:22.128Z] ----------------------------------------------------------------------
[debug] [2023-08-09T16:49:22.129Z] Command:       /opt/homebrew/Cellar/node/20.5.0/bin/node /opt/homebrew/bin/firebase init
[debug] [2023-08-09T16:49:22.129Z] CLI Version:   12.4.7
[debug] [2023-08-09T16:49:22.130Z] Platform:      darwin
[debug] [2023-08-09T16:49:22.130Z] Node Version:  v20.5.0
[debug] [2023-08-09T16:49:22.130Z] Time:          Wed Aug 09 2023 12:49:22 GMT-0400 (Eastern Daylight Time)
[debug] [2023-08-09T16:49:22.130Z] ----------------------------------------------------------------------
[debug] 
[debug] [2023-08-09T16:49:22.132Z] > command requires scopes: ["email","openid","https://www.googleapis.com/auth/cloudplatformprojects.readonly","https://www.googleapis.com/auth/firebase","https://www.googleapis.com/auth/cloud-platform"]
[debug] [2023-08-09T16:49:22.132Z] > authorizing via signed-in user (levelupbible@gmail.com)
[info] 
     ######## #### ########  ######## ########     ###     ######  ########
     ##        ##  ##     ## ##       ##     ##  ##   ##  ##       ##
     ######    ##  ########  ######   ########  #########  ######  ######
     ##        ##  ##    ##  ##       ##     ## ##     ##       ## ##
     ##       #### ##     ## ######## ########  ##     ##  ######  ########

You're about to initialize a Firebase project in this directory:

  /Users/brandonqueen/Documents/Projects/bible-reading-app/bible-reading-app

[info] 
=== Project Setup
[info] 
[info] First, let's associate this project directory with a Firebase project.
[info] You can create multiple project aliases by running firebase use --add, 
[info] but for now we'll just set up a default project.
[info] 
[debug] [2023-08-09T16:50:22.466Z] >>> [apiv2][query] GET https://firebase.googleapis.com/v1beta1/projects pageSize=100
[debug] [2023-08-09T16:50:22.897Z] <<< [apiv2][status] GET https://firebase.googleapis.com/v1beta1/projects 500
[debug] [2023-08-09T16:50:22.898Z] <<< [apiv2][body] GET https://firebase.googleapis.com/v1beta1/projects [omitted]
[debug] [2023-08-09T16:50:22.898Z] HTTP Error: 500, Internal error encountered.
[debug] [2023-08-09T16:50:23.232Z] FirebaseError: HTTP Error: 500, Internal error encountered.
    at responseToError (/opt/homebrew/lib/node_modules/firebase-tools/lib/responseToError.js:49:12)
    at RetryOperation._fn (/opt/homebrew/lib/node_modules/firebase-tools/lib/apiv2.js:285:77)
    at process.processTicksAndRejections (node:internal/process/task_queues:95:5)
[error] 
[error] Error: Failed to list Firebase projects. See firebase-debug.log for more info.
